{
  "0 debug pnpm:scope": {
    "selected": 1
  },
  "1 debug pnpm:package-manifest": {
    "initial": {
      "dependencies": {
        "prettier": "^2.6.1",
        "typescript": "^4.6.3",
        "typescript-language-server": "^0.9.7"
      }
    },
    "prefix": "/usr/pnpm-global/5"
  },
  "2 debug pnpm:context": {
    "currentLockfileExists": true,
    "storeDir": "/root/.pnpm-store/v3",
    "virtualStoreDir": "/usr/pnpm-global/5/node_modules/.pnpm"
  },
  "3 debug pnpm:stage": {
    "prefix": "/usr/pnpm-global/5",
    "stage": "resolution_started"
  },
  "4 debug pnpm:_dependency_resolved": {
    "resolution": "registry.npmjs.org/prettier/2.6.1",
    "wanted": {
      "dependentId": ".",
      "name": "prettier",
      "rawSpec": "^2.6.1"
    }
  },
  "5 debug pnpm:_dependency_resolved": {
    "resolution": "registry.npmjs.org/typescript/4.6.3",
    "wanted": {
      "dependentId": ".",
      "name": "typescript",
      "rawSpec": "^4.6.3"
    }
  },
  "6 debug pnpm:_dependency_resolved": {
    "resolution": "registry.npmjs.org/typescript-language-server/0.9.7",
    "wanted": {
      "dependentId": ".",
      "name": "typescript-language-server",
      "rawSpec": "^0.9.7"
    }
  },
  "7 debug pnpm:progress": {
    "packageId": "registry.npmjs.org/prettier/2.6.1",
    "requester": "/usr/pnpm-global/5",
    "status": "found_in_store"
  },
  "8 debug pnpm:progress": {
    "packageId": "registry.npmjs.org/prettier/2.6.1",
    "requester": "/usr/pnpm-global/5",
    "status": "resolved"
  },
  "9 debug pnpm:progress": {
    "packageId": "registry.npmjs.org/typescript-language-server/0.9.7",
    "requester": "/usr/pnpm-global/5",
    "status": "found_in_store"
  },
  "10 debug pnpm:progress": {
    "packageId": "registry.npmjs.org/typescript-language-server/0.9.7",
    "requester": "/usr/pnpm-global/5",
    "status": "resolved"
  },
  "11 debug pnpm:progress": {
    "packageId": "registry.npmjs.org/typescript/4.6.3",
    "requester": "/usr/pnpm-global/5",
    "status": "found_in_store"
  },
  "12 debug pnpm:progress": {
    "packageId": "registry.npmjs.org/typescript/4.6.3",
    "requester": "/usr/pnpm-global/5",
    "status": "resolved"
  },
  "13 error pnpm": {
    "code": "ERR_PNPM_FETCH_404",
    "hint": "vscode-json-language-server is not in the npm registry, or you have no permission to fetch it.\n\nNo authorization header was set for the request.",
    "request": {
      "url": "https://registry.npmjs.org/vscode-json-language-server"
    },
    "response": {
      "size": 0
    },
    "pkgName": "vscode-json-language-server",
    "pkgsStack": [],
    "err": {
      "name": "pnpm",
      "message": "GET https://registry.npmjs.org/vscode-json-language-server: Not Found - 404",
      "code": "ERR_PNPM_FETCH_404",
      "stack": "pnpm: GET https://registry.npmjs.org/vscode-json-language-server: Not Found - 404\n    at RetryOperation._fn (/usr/lib/node_modules/pnpm/dist/pnpm.cjs:85709:19)\n    at processTicksAndRejections (node:internal/process/task_queues:96:5)"
    }
  }
}